2024-07-07 16:43:20,492:WARNING:
'cuml' is a soft dependency and not included in the pycaret installation. Please run: `pip install cuml` to install.
2024-07-07 16:43:20,493:WARNING:
'cuml' is a soft dependency and not included in the pycaret installation. Please run: `pip install cuml` to install.
2024-07-07 16:43:20,493:WARNING:
'cuml' is a soft dependency and not included in the pycaret installation. Please run: `pip install cuml` to install.
2024-07-07 16:43:20,493:WARNING:
'cuml' is a soft dependency and not included in the pycaret installation. Please run: `pip install cuml` to install.
2024-07-07 16:45:13,621:INFO:PyCaret ClassificationExperiment
2024-07-07 16:45:13,621:INFO:Logging name: clf-default-name
2024-07-07 16:45:13,621:INFO:ML Usecase: MLUsecase.CLASSIFICATION
2024-07-07 16:45:13,621:INFO:version 3.3.1
2024-07-07 16:45:13,621:INFO:Initializing setup()
2024-07-07 16:45:13,621:INFO:self.USI: 3e03
2024-07-07 16:45:13,621:INFO:self._variable_keys: {'gpu_n_jobs_param', 'y_test', '_available_plots', 'target_param', '_ml_usecase', 'n_jobs_param', 'exp_id', 'USI', 'log_plots_param', 'X', 'X_test', 'data', 'X_train', 'memory', 'idx', 'pipeline', 'y_train', 'exp_name_log', 'fold_groups_param', 'y', 'gpu_param', 'fold_generator', 'logging_param', 'html_param', 'seed', 'fold_shuffle_param', 'fix_imbalance', 'is_multiclass'}
2024-07-07 16:45:13,621:INFO:Checking environment
2024-07-07 16:45:13,621:INFO:python_version: 3.11.8
2024-07-07 16:45:13,621:INFO:python_build: ('main', 'Feb 16 2024 20:49:36')
2024-07-07 16:45:13,621:INFO:machine: arm64
2024-07-07 16:45:13,621:INFO:platform: macOS-14.5-arm64-arm-64bit
2024-07-07 16:45:13,622:INFO:Memory: svmem(total=17179869184, available=3369762816, percent=80.4, used=5451988992, free=87965696, active=3337601024, inactive=3280814080, wired=2114387968)
2024-07-07 16:45:13,622:INFO:Physical Core: 8
2024-07-07 16:45:13,622:INFO:Logical Core: 8
2024-07-07 16:45:13,622:INFO:Checking libraries
2024-07-07 16:45:13,622:INFO:System:
2024-07-07 16:45:13,622:INFO:    python: 3.11.8 | packaged by conda-forge | (main, Feb 16 2024, 20:49:36) [Clang 16.0.6 ]
2024-07-07 16:45:13,622:INFO:executable: /opt/anaconda3/bin/python
2024-07-07 16:45:13,622:INFO:   machine: macOS-14.5-arm64-arm-64bit
2024-07-07 16:45:13,622:INFO:PyCaret required dependencies:
2024-07-07 16:45:13,971:INFO:                 pip: 23.3.1
2024-07-07 16:45:13,971:INFO:          setuptools: 68.2.2
2024-07-07 16:45:13,971:INFO:             pycaret: 3.3.1
2024-07-07 16:45:13,971:INFO:             IPython: 8.20.0
2024-07-07 16:45:13,971:INFO:          ipywidgets: 7.6.5
2024-07-07 16:45:13,971:INFO:                tqdm: 4.65.0
2024-07-07 16:45:13,971:INFO:               numpy: 1.26.4
2024-07-07 16:45:13,971:INFO:              pandas: 2.1.4
2024-07-07 16:45:13,971:INFO:              jinja2: 3.1.3
2024-07-07 16:45:13,971:INFO:               scipy: 1.11.4
2024-07-07 16:45:13,971:INFO:              joblib: 1.2.0
2024-07-07 16:45:13,971:INFO:             sklearn: 1.4.2
2024-07-07 16:45:13,971:INFO:                pyod: 1.1.3
2024-07-07 16:45:13,971:INFO:            imblearn: 0.12.2
2024-07-07 16:45:13,971:INFO:   category_encoders: 2.6.3
2024-07-07 16:45:13,971:INFO:            lightgbm: 4.3.0
2024-07-07 16:45:13,971:INFO:               numba: 0.59.0
2024-07-07 16:45:13,971:INFO:            requests: 2.31.0
2024-07-07 16:45:13,971:INFO:          matplotlib: 3.8.0
2024-07-07 16:45:13,971:INFO:          scikitplot: 0.3.7
2024-07-07 16:45:13,971:INFO:         yellowbrick: 1.5
2024-07-07 16:45:13,971:INFO:              plotly: 5.22.0
2024-07-07 16:45:13,971:INFO:    plotly-resampler: Not installed
2024-07-07 16:45:13,971:INFO:             kaleido: 0.2.1
2024-07-07 16:45:13,971:INFO:           schemdraw: 0.15
2024-07-07 16:45:13,971:INFO:         statsmodels: 0.14.0
2024-07-07 16:45:13,971:INFO:              sktime: 0.26.0
2024-07-07 16:45:13,971:INFO:               tbats: 1.1.3
2024-07-07 16:45:13,971:INFO:            pmdarima: 2.0.4
2024-07-07 16:45:13,971:INFO:              psutil: 5.9.0
2024-07-07 16:45:13,971:INFO:          markupsafe: 2.1.3
2024-07-07 16:45:13,971:INFO:             pickle5: Not installed
2024-07-07 16:45:13,971:INFO:         cloudpickle: 2.2.1
2024-07-07 16:45:13,971:INFO:         deprecation: 2.1.0
2024-07-07 16:45:13,971:INFO:              xxhash: 3.4.1
2024-07-07 16:45:13,971:INFO:           wurlitzer: 3.0.2
2024-07-07 16:45:13,971:INFO:PyCaret optional dependencies:
2024-07-07 16:45:13,976:INFO:                shap: Not installed
2024-07-07 16:45:13,976:INFO:           interpret: Not installed
2024-07-07 16:45:13,976:INFO:                umap: 0.5.5
2024-07-07 16:45:13,976:INFO:     ydata_profiling: Not installed
2024-07-07 16:45:13,976:INFO:  explainerdashboard: Not installed
2024-07-07 16:45:13,976:INFO:             autoviz: Not installed
2024-07-07 16:45:13,976:INFO:           fairlearn: Not installed
2024-07-07 16:45:13,976:INFO:          deepchecks: Not installed
2024-07-07 16:45:13,976:INFO:             xgboost: Not installed
2024-07-07 16:45:13,976:INFO:            catboost: Not installed
2024-07-07 16:45:13,976:INFO:              kmodes: Not installed
2024-07-07 16:45:13,976:INFO:             mlxtend: Not installed
2024-07-07 16:45:13,976:INFO:       statsforecast: Not installed
2024-07-07 16:45:13,976:INFO:        tune_sklearn: Not installed
2024-07-07 16:45:13,976:INFO:                 ray: Not installed
2024-07-07 16:45:13,976:INFO:            hyperopt: Not installed
2024-07-07 16:45:13,976:INFO:              optuna: Not installed
2024-07-07 16:45:13,976:INFO:               skopt: Not installed
2024-07-07 16:45:13,976:INFO:              mlflow: 2.13.0
2024-07-07 16:45:13,976:INFO:              gradio: Not installed
2024-07-07 16:45:13,976:INFO:             fastapi: Not installed
2024-07-07 16:45:13,976:INFO:             uvicorn: Not installed
2024-07-07 16:45:13,976:INFO:              m2cgen: Not installed
2024-07-07 16:45:13,976:INFO:           evidently: Not installed
2024-07-07 16:45:13,976:INFO:               fugue: Not installed
2024-07-07 16:45:13,976:INFO:           streamlit: 1.30.0
2024-07-07 16:45:13,976:INFO:             prophet: Not installed
2024-07-07 16:45:13,976:INFO:None
2024-07-07 16:45:13,976:INFO:Set up data.
2024-07-07 16:45:14,016:INFO:Set up folding strategy.
2024-07-07 16:45:14,017:INFO:Set up train/test split.
